0 info it worked if it ends with ok
1 verbose cli [ '/usr/local/bin/node',
1 verbose cli   '/usr/local/bin/npm',
1 verbose cli   'install',
1 verbose cli   'jquery-color-animation' ]
2 info using npm@2.7.4
3 info using node@v0.12.2
4 silly cache add args [ 'jquery-color-animation', null ]
5 verbose cache add spec jquery-color-animation
6 silly cache add parsed spec { raw: 'jquery-color-animation',
6 silly cache add   scope: null,
6 silly cache add   name: 'jquery-color-animation',
6 silly cache add   rawSpec: '',
6 silly cache add   spec: '*',
6 silly cache add   type: 'range' }
7 verbose addNamed jquery-color-animation@*
8 silly addNamed semver.valid null
9 silly addNamed semver.validRange *
10 silly addNameRange { name: 'jquery-color-animation', range: '*', hasData: false }
11 silly mapToRegistry name jquery-color-animation
12 silly mapToRegistry using default registry
13 silly mapToRegistry registry https://registry.npmjs.org/
14 silly mapToRegistry uri https://registry.npmjs.org/jquery-color-animation
15 verbose addNameRange registry:https://registry.npmjs.org/jquery-color-animation not in flight; fetching
16 verbose request uri https://registry.npmjs.org/jquery-color-animation
17 verbose request no auth needed
18 info attempt registry request try #1 at 7:48:01 PM
19 verbose request id a25149ea306e98f6
20 http request GET https://registry.npmjs.org/jquery-color-animation
21 http 200 https://registry.npmjs.org/jquery-color-animation
22 silly get cb [ 200,
22 silly get   { server: 'CouchDB/1.5.0 (Erlang OTP/R16B03)',
22 silly get     etag: '"1FR78GZOFQGBPHKYO9TDZBMJF"',
22 silly get     'content-type': 'application/json',
22 silly get     'cache-control': 'max-age=60',
22 silly get     'content-length': '2573',
22 silly get     'accept-ranges': 'bytes',
22 silly get     date: 'Sun, 06 Sep 2015 02:48:02 GMT',
22 silly get     via: '1.1 varnish',
22 silly get     age: '0',
22 silly get     connection: 'keep-alive',
22 silly get     'x-served-by': 'cache-sjc3123-SJC',
22 silly get     'x-cache': 'MISS',
22 silly get     'x-cache-hits': '0',
22 silly get     'x-timer': 'S1441507681.949676,VS0,VE164',
22 silly get     vary: 'Accept' } ]
23 verbose get saving jquery-color-animation to /Users/dolshansky/.npm/registry.npmjs.org/jquery-color-animation/.cache.json
24 silly addNameRange number 2 { name: 'jquery-color-animation', range: '*', hasData: true }
25 silly addNameRange versions [ 'jquery-color-animation', [ '1.5.1' ] ]
26 verbose addNamed jquery-color-animation@1.5.1
27 silly addNamed semver.valid 1.5.1
28 silly addNamed semver.validRange 1.5.1
29 silly mapToRegistry name jquery-color-animation
30 silly mapToRegistry using default registry
31 silly mapToRegistry registry https://registry.npmjs.org/
32 silly mapToRegistry uri https://registry.npmjs.org/jquery-color-animation
33 verbose addRemoteTarball https://registry.npmjs.org/jquery-color-animation/-/jquery-color-animation-1.5.1.tgz not in flight; adding
34 verbose addRemoteTarball [ 'https://registry.npmjs.org/jquery-color-animation/-/jquery-color-animation-1.5.1.tgz',
34 verbose addRemoteTarball   '6dedda628f120d4e8ebe615c7eb0d885999c8723' ]
35 info retry fetch attempt 1 at 7:48:02 PM
36 info attempt registry request try #1 at 7:48:02 PM
37 http fetch GET https://registry.npmjs.org/jquery-color-animation/-/jquery-color-animation-1.5.1.tgz
38 http fetch 200 https://registry.npmjs.org/jquery-color-animation/-/jquery-color-animation-1.5.1.tgz
39 silly fetchAndShaCheck shasum 6dedda628f120d4e8ebe615c7eb0d885999c8723
40 verbose addTmpTarball /var/folders/nx/5tbc1hcd6vx8pdjf0hfjmx5h0000gn/T/npm-51612-3668d88b/registry.npmjs.org/jquery-color-animation/-/jquery-color-animation-1.5.1.tgz not in flight; adding
41 verbose addTmpTarball already have metadata; skipping unpack for jquery-color-animation@1.5.1
42 silly cache afterAdd jquery-color-animation@1.5.1
43 verbose afterAdd /Users/dolshansky/.npm/jquery-color-animation/1.5.1/package/package.json not in flight; writing
44 verbose afterAdd /Users/dolshansky/.npm/jquery-color-animation/1.5.1/package/package.json written
45 silly install resolved [ { name: 'jquery-color-animation',
45 silly install resolved     version: '1.5.1',
45 silly install resolved     description: 'Let foreground, background and border colors fade to another color.',
45 silly install resolved     keywords:
45 silly install resolved      [ 'jquery-plugin',
45 silly install resolved        'ecosystem:jquery',
45 silly install resolved        'animation',
45 silly install resolved        'color',
45 silly install resolved        'colour',
45 silly install resolved        'effect' ],
45 silly install resolved     homepage: 'http://www.bitstorm.org/jquery/color-animation/',
45 silly install resolved     bugs: { url: 'https://github.com/edwinm/Color-animation-jQuery-plugin/issues' },
45 silly install resolved     license: 'MIT',
45 silly install resolved     author: { name: 'Edwin Martin', email: 'edwin@bitstorm.org' },
45 silly install resolved     repository:
45 silly install resolved      { type: 'git',
45 silly install resolved        url: 'https://github.com/edwinm/Color-animation-jQuery-plugin.git' },
45 silly install resolved     dependencies: { jquery: '>=1.8' },
45 silly install resolved     devDependencies:
45 silly install resolved      { grunt: '~0.4.1',
45 silly install resolved        'grunt-closure-compiler': '0.0.21',
45 silly install resolved        'grunt-zopfli': '~0.3.1',
45 silly install resolved        'grunt-contrib-watch': '~0.5.3' },
45 silly install resolved     gitHead: '9dc7ee7ceabe99a98741048279520694e5f76a7b',
45 silly install resolved     _id: 'jquery-color-animation@1.5.1',
45 silly install resolved     scripts: {},
45 silly install resolved     _shasum: '6dedda628f120d4e8ebe615c7eb0d885999c8723',
45 silly install resolved     _from: 'jquery-color-animation@*',
45 silly install resolved     _npmVersion: '2.7.5',
45 silly install resolved     _nodeVersion: '0.12.2',
45 silly install resolved     _npmUser: { name: 'edwinm', email: 'edwin@bitstorm.org' },
45 silly install resolved     dist:
45 silly install resolved      { shasum: '6dedda628f120d4e8ebe615c7eb0d885999c8723',
45 silly install resolved        tarball: 'http://registry.npmjs.org/jquery-color-animation/-/jquery-color-animation-1.5.1.tgz' },
45 silly install resolved     maintainers: [ [Object] ],
45 silly install resolved     directories: {},
45 silly install resolved     _resolved: 'https://registry.npmjs.org/jquery-color-animation/-/jquery-color-animation-1.5.1.tgz' } ]
46 info install jquery-color-animation@1.5.1 into /Users/dolshansky/Desktop/meteor_tic_tac_toe
47 info installOne jquery-color-animation@1.5.1
48 verbose installOne of jquery-color-animation to /Users/dolshansky/Desktop/meteor_tic_tac_toe not in flight; installing
49 warn locking Error: EACCES, open '/Users/dolshansky/.npm/_locks/jquery-color-animation-eab82fc317f9a4f8.lock'
49 warn locking     at Error (native)
49 warn locking  /Users/dolshansky/.npm/_locks/jquery-color-animation-eab82fc317f9a4f8.lock failed { [Error: EACCES, open '/Users/dolshansky/.npm/_locks/jquery-color-animation-eab82fc317f9a4f8.lock']
49 warn locking   errno: -13,
49 warn locking   code: 'EACCES',
49 warn locking   path: '/Users/dolshansky/.npm/_locks/jquery-color-animation-eab82fc317f9a4f8.lock' }
50 verbose stack Error: Attempt to unlock /Users/dolshansky/Desktop/meteor_tic_tac_toe/node_modules/jquery-color-animation, which hasn't been locked
50 verbose stack     at unlock (/usr/local/lib/node_modules/npm/lib/utils/locker.js:66:11)
50 verbose stack     at cb (/usr/local/lib/node_modules/npm/lib/install.js:1004:5)
50 verbose stack     at /usr/local/lib/node_modules/npm/lib/install.js:1008:20
50 verbose stack     at /usr/local/lib/node_modules/npm/lib/utils/locker.js:40:9
50 verbose stack     at cb (/usr/local/lib/node_modules/npm/node_modules/lockfile/lockfile.js:149:38)
50 verbose stack     at /usr/local/lib/node_modules/npm/node_modules/lockfile/lockfile.js:177:38
50 verbose stack     at FSReqWrap.oncomplete (fs.js:95:15)
51 verbose cwd /Users/dolshansky/Desktop/meteor_tic_tac_toe
52 error Darwin 14.5.0
53 error argv "/usr/local/bin/node" "/usr/local/bin/npm" "install" "jquery-color-animation"
54 error node v0.12.2
55 error npm  v2.7.4
56 error Attempt to unlock /Users/dolshansky/Desktop/meteor_tic_tac_toe/node_modules/jquery-color-animation, which hasn't been locked
57 error If you need help, you may report this error at:
57 error     <https://github.com/npm/npm/issues>
58 verbose exit [ 1, true ]
